E:\Visual Studio 2010 Projects\ComputerVision\ComputerVision\Debug\cl.command.1.tlog
E:\Visual Studio 2010 Projects\ComputerVision\ComputerVision\Debug\CL.read.1.tlog
E:\Visual Studio 2010 Projects\ComputerVision\ComputerVision\Debug\CL.write.1.tlog
E:\VISUAL STUDIO 2010 PROJECTS\COMPUTERVISION\COMPUTERVISION\DEBUG\COMPUTERVISION.EXE.EMBED.MANIFEST
E:\VISUAL STUDIO 2010 PROJECTS\COMPUTERVISION\COMPUTERVISION\DEBUG\COMPUTERVISION.EXE.EMBED.MANIFEST.RES
E:\VISUAL STUDIO 2010 PROJECTS\COMPUTERVISION\COMPUTERVISION\DEBUG\COMPUTERVISION.EXE.INTERMEDIATE.MANIFEST
E:\VISUAL STUDIO 2010 PROJECTS\COMPUTERVISION\COMPUTERVISION\DEBUG\COMPUTERVISION.OBJ
E:\VISUAL STUDIO 2010 PROJECTS\COMPUTERVISION\COMPUTERVISION\DEBUG\COMPUTERVISION.PCH
E:\Visual Studio 2010 Projects\ComputerVision\ComputerVision\Debug\ComputerVision.write.1.tlog
E:\Visual Studio 2010 Projects\ComputerVision\ComputerVision\Debug\ComputerVision_manifest.rc
E:\Visual Studio 2010 Projects\ComputerVision\ComputerVision\Debug\link.17876.read.1.tlog
E:\Visual Studio 2010 Projects\ComputerVision\ComputerVision\Debug\link.17876.write.1.tlog
E:\Visual Studio 2010 Projects\ComputerVision\ComputerVision\Debug\link.17876-cvtres.read.1.tlog
E:\Visual Studio 2010 Projects\ComputerVision\ComputerVision\Debug\link.17876-cvtres.write.1.tlog
E:\Visual Studio 2010 Projects\ComputerVision\ComputerVision\Debug\link.22124.read.1.tlog
E:\Visual Studio 2010 Projects\ComputerVision\ComputerVision\Debug\link.22124.write.1.tlog
E:\Visual Studio 2010 Projects\ComputerVision\ComputerVision\Debug\link.22124-cvtres.read.1.tlog
E:\Visual Studio 2010 Projects\ComputerVision\ComputerVision\Debug\link.22124-cvtres.write.1.tlog
E:\Visual Studio 2010 Projects\ComputerVision\ComputerVision\Debug\link.command.1.tlog
E:\Visual Studio 2010 Projects\ComputerVision\ComputerVision\Debug\link.read.1.tlog
E:\Visual Studio 2010 Projects\ComputerVision\ComputerVision\Debug\link.write.1.tlog
E:\Visual Studio 2010 Projects\ComputerVision\ComputerVision\Debug\link-cvtres.read.1.tlog
E:\Visual Studio 2010 Projects\ComputerVision\ComputerVision\Debug\link-cvtres.write.1.tlog
E:\Visual Studio 2010 Projects\ComputerVision\ComputerVision\Debug\mt.command.1.tlog
E:\Visual Studio 2010 Projects\ComputerVision\ComputerVision\Debug\mt.read.1.tlog
E:\Visual Studio 2010 Projects\ComputerVision\ComputerVision\Debug\mt.write.1.tlog
E:\Visual Studio 2010 Projects\ComputerVision\ComputerVision\Debug\rc.command.1.tlog
E:\Visual Studio 2010 Projects\ComputerVision\ComputerVision\Debug\rc.read.1.tlog
E:\Visual Studio 2010 Projects\ComputerVision\ComputerVision\Debug\rc.write.1.tlog
E:\VISUAL STUDIO 2010 PROJECTS\COMPUTERVISION\COMPUTERVISION\DEBUG\STDAFX.OBJ
E:\Visual Studio 2010 Projects\ComputerVision\ComputerVision\Debug\vc100.idb
E:\VISUAL STUDIO 2010 PROJECTS\COMPUTERVISION\COMPUTERVISION\DEBUG\VC100.PDB
E:\VISUAL STUDIO 2010 PROJECTS\COMPUTERVISION\DEBUG\COMPUTERVISION.EXE
E:\VISUAL STUDIO 2010 PROJECTS\COMPUTERVISION\DEBUG\COMPUTERVISION.ILK
E:\VISUAL STUDIO 2010 PROJECTS\COMPUTERVISION\DEBUG\COMPUTERVISION.PDB
